2021-05-27 21:54:06,910 INFO Функция createParser вызвана из функции main с аргументами (),{}, результат ArgumentParser(prog='client.py', usage=None, description=None, formatter_class=<class 'argparse.HelpFormatter'>, conflict_handler='error', add_help=True)
2021-05-27 21:54:21,076 INFO Функция createParser вызвана из функции main с аргументами (),{}, результат ArgumentParser(prog='client.py', usage=None, description=None, formatter_class=<class 'argparse.HelpFormatter'>, conflict_handler='error', add_help=True)
2021-05-27 21:54:27,055 INFO Функция main вызвана с аргументами (),{}, результат None
2021-05-27 21:54:27,062 INFO Функция main вызвана с аргументами (),{}, результат None
2021-05-27 21:54:30,731 INFO Функция create_quick_chat вызвана из функции user_action с аргументами (),{}, результат {'action': 'quick_chat', 'time': 1622134470.7310514, 'from': 'qwe', 'chat_name': 'new'}
2021-05-27 21:54:35,101 INFO Функция create_quick_chat вызвана из функции user_action с аргументами (),{}, результат {'action': 'quick_chat', 'time': 1622134475.1010866, 'from': 'vova', 'chat_name': 'new'}
2021-05-31 14:39:33,406 INFO Функция createParser вызвана из функции test_create_parser с аргументами (),{}, результат ArgumentParser(prog='test_client.py', usage=None, description=None, formatter_class=<class 'argparse.HelpFormatter'>, conflict_handler='error', add_help=True)
2021-05-31 14:39:33,417 INFO Функция msg_user_to_user вызвана из функции test_msg_user_to_user с аргументами (),{'testing': True}, результат {'action': 'msg', 'time': 1622453973.417019, 'to': 'User_1', 'from_user': 'Me', 'encoding': 'ascii', 'message': 'Hi'}
2021-05-31 14:39:44,593 INFO Функция createParser вызвана из функции test_create_parser с аргументами (),{}, результат ArgumentParser(prog='test_client.py', usage=None, description=None, formatter_class=<class 'argparse.HelpFormatter'>, conflict_handler='error', add_help=True)
2021-05-31 14:39:44,611 INFO Функция msg_user_to_user вызвана из функции test_msg_user_to_user с аргументами (),{'testing': True}, результат {'action': 'msg', 'time': 1622453984.6118739, 'to': 'User_1', 'from_user': 'Me', 'encoding': 'ascii', 'message': 'Hi'}
2021-05-31 14:45:40,302 INFO Функция createParser вызвана из функции test_create_parser с аргументами (),{}, результат ArgumentParser(prog='test_client.py', usage=None, description=None, formatter_class=<class 'argparse.HelpFormatter'>, conflict_handler='error', add_help=True)
2021-05-31 14:45:40,330 INFO Функция create_quick_chat вызвана из функции test_create_quick_chat с аргументами (),{'testing': True}, результат {'action': 'quick_chat', 'time': 1622454340.3298297, 'from': 'Me', 'chat_name': 'Test_chat'}
2021-05-31 14:45:40,348 INFO Функция msg_user_to_user вызвана из функции test_msg_user_to_user с аргументами (),{'testing': True}, результат {'action': 'msg', 'time': 1622454340.3488317, 'to': 'User_1', 'from_user': 'Me', 'encoding': 'ascii', 'message': 'Hi'}
2021-05-31 14:45:45,695 INFO Функция createParser вызвана из функции test_create_parser с аргументами (),{}, результат ArgumentParser(prog='test_client.py', usage=None, description=None, formatter_class=<class 'argparse.HelpFormatter'>, conflict_handler='error', add_help=True)
2021-05-31 14:45:45,710 INFO Функция create_quick_chat вызвана из функции test_create_quick_chat с аргументами (),{'testing': True}, результат {'action': 'quick_chat', 'time': 1622454345.710165, 'from': 'Me', 'chat_name': 'Test_chat'}
2021-05-31 14:45:45,720 INFO Функция msg_user_to_user вызвана из функции test_msg_user_to_user с аргументами (),{'testing': True}, результат {'action': 'msg', 'time': 1622454345.720165, 'to': 'User_1', 'from_user': 'Me', 'encoding': 'ascii', 'message': 'Hi'}
2021-05-31 14:45:53,615 INFO Функция createParser вызвана из функции test_create_parser с аргументами (),{}, результат ArgumentParser(prog='test_client.py', usage=None, description=None, formatter_class=<class 'argparse.HelpFormatter'>, conflict_handler='error', add_help=True)
2021-05-31 14:45:53,626 INFO Функция create_quick_chat вызвана из функции test_create_quick_chat с аргументами (),{'testing': True}, результат {'action': 'quick_chat', 'time': 1622454353.6260202, 'from': 'Me', 'chat_name': 'Test_chat'}
2021-05-31 14:45:53,635 INFO Функция msg_user_to_user вызвана из функции test_msg_user_to_user с аргументами (),{'testing': True}, результат {'action': 'msg', 'time': 1622454353.6350176, 'to': 'User_1', 'from_user': 'Me', 'encoding': 'ascii', 'message': 'Hi'}
2021-05-31 14:45:57,519 INFO Функция createParser вызвана из функции test_create_parser с аргументами (),{}, результат ArgumentParser(prog='test_client.py', usage=None, description=None, formatter_class=<class 'argparse.HelpFormatter'>, conflict_handler='error', add_help=True)
2021-05-31 14:45:57,540 INFO Функция create_quick_chat вызвана из функции test_create_quick_chat с аргументами (),{'testing': True}, результат {'action': 'quick_chat', 'time': 1622454357.5408747, 'from': 'Me', 'chat_name': 'Test_chat'}
2021-05-31 14:45:57,550 INFO Функция msg_user_to_user вызвана из функции test_msg_user_to_user с аргументами (),{'testing': True}, результат {'action': 'msg', 'time': 1622454357.550899, 'to': 'User_1', 'from_user': 'Me', 'encoding': 'ascii', 'message': 'Hi'}
2021-05-31 14:46:02,321 INFO Функция createParser вызвана из функции test_create_parser с аргументами (),{}, результат ArgumentParser(prog='test_client.py', usage=None, description=None, formatter_class=<class 'argparse.HelpFormatter'>, conflict_handler='error', add_help=True)
2021-05-31 14:46:02,329 INFO Функция create_quick_chat вызвана из функции test_create_quick_chat с аргументами (),{'testing': True}, результат {'action': 'quick_chat', 'time': 1622454362.329153, 'from': 'Me', 'chat_name': 'Test_chat'}
2021-05-31 14:46:02,335 INFO Функция msg_user_to_user вызвана из функции test_msg_user_to_user с аргументами (),{'testing': True}, результат {'action': 'msg', 'time': 1622454362.3352108, 'to': 'User_1', 'from_user': 'Me', 'encoding': 'ascii', 'message': 'Hi'}
2021-05-31 14:46:21,822 INFO Функция createParser вызвана из функции test_create_parser с аргументами (),{}, результат ArgumentParser(prog='test_client.py', usage=None, description=None, formatter_class=<class 'argparse.HelpFormatter'>, conflict_handler='error', add_help=True)
2021-05-31 14:46:21,845 INFO Функция create_quick_chat вызвана из функции test_create_quick_chat с аргументами (),{'testing': True}, результат {'action': 'quick_chat', 'time': 1622454381.8454664, 'from': 'Me', 'chat_name': 'Test_chat'}
2021-05-31 14:46:21,855 INFO Функция msg_user_to_user вызвана из функции test_msg_user_to_user с аргументами (),{'testing': True}, результат {'action': 'msg', 'time': 1622454381.8554313, 'to': 'User_1', 'from_user': 'Me', 'encoding': 'ascii', 'message': 'Hi'}
2021-05-31 14:46:57,206 INFO Функция createParser вызвана из функции test_create_parser с аргументами (),{}, результат ArgumentParser(prog='test_client.py', usage=None, description=None, formatter_class=<class 'argparse.HelpFormatter'>, conflict_handler='error', add_help=True)
2021-05-31 14:46:57,223 INFO Функция create_quick_chat вызвана из функции test_create_quick_chat с аргументами (),{'testing': True}, результат {'action': 'quick_chat', 'time': 1622454417.2235446, 'from': 'Me', 'chat_name': 'Test_chat'}
2021-05-31 14:46:57,229 INFO Функция msg_user_to_user вызвана из функции test_msg_user_to_user с аргументами (),{'testing': True}, результат {'action': 'msg', 'time': 1622454417.2295468, 'to': 'User_1', 'from_user': 'Me', 'encoding': 'ascii', 'message': 'Hi'}
2021-05-31 14:47:06,069 INFO Функция createParser вызвана из функции test_create_parser с аргументами (),{}, результат ArgumentParser(prog='test_client.py', usage=None, description=None, formatter_class=<class 'argparse.HelpFormatter'>, conflict_handler='error', add_help=True)
2021-05-31 14:47:06,084 INFO Функция create_quick_chat вызвана из функции test_create_quick_chat с аргументами (),{'testing': True}, результат {'action': 'quick_chat', 'time': 1622454426.0846584, 'from': 'Me', 'chat_name': 'Test_chat'}
2021-05-31 14:47:06,093 INFO Функция msg_user_to_user вызвана из функции test_msg_user_to_user с аргументами (),{'testing': True}, результат {'action': 'msg', 'time': 1622454426.0939364, 'to': 'User_1', 'from_user': 'Me', 'encoding': 'ascii', 'message': 'Hi'}
2021-05-31 14:58:32,438 INFO Функция createParser вызвана из функции test_create_parser с аргументами (),{}, результат ArgumentParser(prog='test_client.py', usage=None, description=None, formatter_class=<class 'argparse.HelpFormatter'>, conflict_handler='error', add_help=True)
2021-05-31 14:58:32,442 INFO Функция create_quick_chat вызвана из функции test_create_quick_chat с аргументами (),{'testing': True}, результат {'action': 'quick_chat', 'time': 1622455112.4428644, 'from': 'Me', 'chat_name': 'Test_chat'}
2021-05-31 14:58:32,449 INFO Функция msg_to_chat вызвана из функции test_msg_to_chat с аргументами (),{'chat_name': 'Chat_1', 'sock': [], 'testing': True}, результат None
2021-05-31 14:58:32,454 INFO Функция msg_user_to_user вызвана из функции test_msg_user_to_user с аргументами (),{'testing': True}, результат {'action': 'msg', 'time': 1622455112.4548671, 'to': 'User_1', 'from_user': 'Me', 'encoding': 'ascii', 'message': 'Hi'}
2021-05-31 14:58:40,194 INFO Функция createParser вызвана из функции test_create_parser с аргументами (),{}, результат ArgumentParser(prog='test_client.py', usage=None, description=None, formatter_class=<class 'argparse.HelpFormatter'>, conflict_handler='error', add_help=True)
2021-05-31 14:58:40,214 INFO Функция create_quick_chat вызвана из функции test_create_quick_chat с аргументами (),{'testing': True}, результат {'action': 'quick_chat', 'time': 1622455120.2149863, 'from': 'Me', 'chat_name': 'Test_chat'}
2021-05-31 14:58:40,219 INFO Функция msg_to_chat вызвана из функции test_msg_to_chat с аргументами (),{'chat_name': 'Chat_1', 'sock': [], 'testing': True}, результат None
2021-05-31 14:58:40,224 INFO Функция msg_user_to_user вызвана из функции test_msg_user_to_user с аргументами (),{'testing': True}, результат {'action': 'msg', 'time': 1622455120.224982, 'to': 'User_1', 'from_user': 'Me', 'encoding': 'ascii', 'message': 'Hi'}
2021-05-31 14:58:59,643 INFO Функция createParser вызвана из функции test_create_parser с аргументами (),{}, результат ArgumentParser(prog='test_client.py', usage=None, description=None, formatter_class=<class 'argparse.HelpFormatter'>, conflict_handler='error', add_help=True)
2021-05-31 14:58:59,667 INFO Функция create_quick_chat вызвана из функции test_create_quick_chat с аргументами (),{'testing': True}, результат {'action': 'quick_chat', 'time': 1622455139.6675491, 'from': 'Me', 'chat_name': 'Test_chat'}
2021-05-31 14:58:59,677 INFO Функция msg_to_chat вызвана из функции test_msg_to_chat с аргументами (),{'chat_name': 'Chat_1', 'sock': [], 'testing': True}, результат None
2021-05-31 14:58:59,688 INFO Функция msg_user_to_user вызвана из функции test_msg_user_to_user с аргументами (),{'testing': True}, результат {'action': 'msg', 'time': 1622455139.6889293, 'to': 'User_1', 'from_user': 'Me', 'encoding': 'ascii', 'message': 'Hi'}
2021-05-31 14:59:38,048 INFO Функция createParser вызвана из функции test_create_parser с аргументами (),{}, результат ArgumentParser(prog='test_client.py', usage=None, description=None, formatter_class=<class 'argparse.HelpFormatter'>, conflict_handler='error', add_help=True)
2021-05-31 14:59:38,053 INFO Функция create_quick_chat вызвана из функции test_create_quick_chat с аргументами (),{'testing': True}, результат {'action': 'quick_chat', 'time': 1622455178.0535362, 'from': 'Me', 'chat_name': 'Test_chat'}
2021-05-31 14:59:38,060 INFO Функция msg_to_chat вызвана из функции test_msg_to_chat с аргументами (),{'chat_name': 'Chat_1', 'sock': [], 'testing': True}, результат None
2021-05-31 14:59:38,065 INFO Функция msg_user_to_user вызвана из функции test_msg_user_to_user с аргументами (),{'testing': True}, результат {'action': 'msg', 'time': 1622455178.0655, 'to': 'User_1', 'from_user': 'Me', 'encoding': 'ascii', 'message': 'Hi'}
2021-05-31 14:59:41,458 INFO Функция createParser вызвана из функции test_create_parser с аргументами (),{}, результат ArgumentParser(prog='test_client.py', usage=None, description=None, formatter_class=<class 'argparse.HelpFormatter'>, conflict_handler='error', add_help=True)
2021-05-31 14:59:41,477 INFO Функция create_quick_chat вызвана из функции test_create_quick_chat с аргументами (),{'testing': True}, результат {'action': 'quick_chat', 'time': 1622455181.4774177, 'from': 'Me', 'chat_name': 'Test_chat'}
2021-05-31 14:59:41,485 INFO Функция msg_to_chat вызвана из функции test_msg_to_chat с аргументами (),{'chat_name': 'Chat_1', 'sock': [], 'testing': True}, результат None
2021-05-31 14:59:41,494 INFO Функция msg_user_to_user вызвана из функции test_msg_user_to_user с аргументами (),{'testing': True}, результат {'action': 'msg', 'time': 1622455181.4943342, 'to': 'User_1', 'from_user': 'Me', 'encoding': 'ascii', 'message': 'Hi'}
2021-05-31 15:01:16,659 INFO Функция createParser вызвана из функции test_create_parser с аргументами (),{}, результат ArgumentParser(prog='test_client.py', usage=None, description=None, formatter_class=<class 'argparse.HelpFormatter'>, conflict_handler='error', add_help=True)
2021-05-31 15:01:16,684 INFO Функция create_quick_chat вызвана из функции test_create_quick_chat с аргументами (),{'testing': True}, результат {'action': 'quick_chat', 'time': 1622455276.6840558, 'from': 'Me', 'chat_name': 'Test_chat'}
2021-05-31 15:01:16,693 INFO Функция msg_to_chat вызвана из функции test_msg_to_chat с аргументами (),{'chat_name': 'Chat_1', 'sock': [], 'testing': True}, результат None
2021-05-31 15:01:16,702 INFO Функция msg_user_to_user вызвана из функции test_msg_user_to_user с аргументами (),{'testing': True}, результат {'action': 'msg', 'time': 1622455276.7020583, 'to': 'User_1', 'from_user': 'Me', 'encoding': 'ascii', 'message': 'Hi'}
2021-05-31 15:01:23,165 INFO Функция createParser вызвана из функции test_create_parser с аргументами (),{}, результат ArgumentParser(prog='test_client.py', usage=None, description=None, formatter_class=<class 'argparse.HelpFormatter'>, conflict_handler='error', add_help=True)
2021-05-31 15:01:23,174 INFO Функция create_quick_chat вызвана из функции test_create_quick_chat с аргументами (),{'testing': True}, результат {'action': 'quick_chat', 'time': 1622455283.1741788, 'from': 'Me', 'chat_name': 'Test_chat'}
2021-05-31 15:01:23,184 INFO Функция msg_to_chat вызвана из функции test_msg_to_chat с аргументами (),{'chat_name': 'Chat_1', 'sock': [], 'testing': True}, результат None
2021-05-31 15:01:23,194 INFO Функция msg_user_to_user вызвана из функции test_msg_user_to_user с аргументами (),{'testing': True}, результат {'action': 'msg', 'time': 1622455283.1941764, 'to': 'User_1', 'from_user': 'Me', 'encoding': 'ascii', 'message': 'Hi'}
2021-05-31 15:01:26,578 INFO Функция createParser вызвана из функции test_create_parser с аргументами (),{}, результат ArgumentParser(prog='test_client.py', usage=None, description=None, formatter_class=<class 'argparse.HelpFormatter'>, conflict_handler='error', add_help=True)
2021-05-31 15:01:26,585 INFO Функция create_quick_chat вызвана из функции test_create_quick_chat с аргументами (),{'testing': True}, результат {'action': 'quick_chat', 'time': 1622455286.5853145, 'from': 'Me', 'chat_name': 'Test_chat'}
2021-05-31 15:01:26,592 INFO Функция msg_to_chat вызвана из функции test_msg_to_chat с аргументами (),{'chat_name': 'Chat_1', 'sock': [], 'testing': True}, результат None
2021-05-31 15:01:26,596 INFO Функция msg_user_to_user вызвана из функции test_msg_user_to_user с аргументами (),{'testing': True}, результат {'action': 'msg', 'time': 1622455286.5963428, 'to': 'User_1', 'from_user': 'Me', 'encoding': 'ascii', 'message': 'Hi'}
2021-05-31 15:01:51,593 INFO Функция createParser вызвана из функции test_create_parser с аргументами (),{}, результат ArgumentParser(prog='test_client.py', usage=None, description=None, formatter_class=<class 'argparse.HelpFormatter'>, conflict_handler='error', add_help=True)
2021-05-31 15:01:51,599 INFO Функция create_quick_chat вызвана из функции test_create_quick_chat с аргументами (),{'testing': True}, результат {'action': 'quick_chat', 'time': 1622455311.5996125, 'from': 'Me', 'chat_name': 'Test_chat'}
2021-05-31 15:01:51,605 INFO Функция msg_to_chat вызвана из функции test_msg_to_chat с аргументами (),{'chat_name': 'Chat_1', 'sock': [], 'testing': True}, результат None
2021-05-31 15:01:51,610 INFO Функция msg_user_to_user вызвана из функции test_msg_user_to_user с аргументами (),{'testing': True}, результат {'action': 'msg', 'time': 1622455311.6106067, 'to': 'User_1', 'from_user': 'Me', 'encoding': 'ascii', 'message': 'Hi'}
2021-05-31 15:02:36,151 INFO Функция createParser вызвана из функции test_create_parser с аргументами (),{}, результат ArgumentParser(prog='test_client.py', usage=None, description=None, formatter_class=<class 'argparse.HelpFormatter'>, conflict_handler='error', add_help=True)
2021-05-31 15:02:36,157 INFO Функция create_quick_chat вызвана из функции test_create_quick_chat с аргументами (),{'testing': True}, результат {'action': 'quick_chat', 'time': 1622455356.157633, 'from': 'Me', 'chat_name': 'Test_chat'}
2021-05-31 15:02:36,162 INFO Функция msg_to_chat вызвана из функции test_msg_to_chat с аргументами (),{'chat_name': 'Chat_1', 'sock': [], 'testing': True}, результат None
2021-05-31 15:02:36,167 INFO Функция msg_user_to_user вызвана из функции test_msg_user_to_user с аргументами (),{'testing': True}, результат {'action': 'msg', 'time': 1622455356.167664, 'to': 'User_1', 'from_user': 'Me', 'encoding': 'ascii', 'message': 'Hi'}
2021-05-31 15:07:35,318 INFO Функция createParser вызвана из функции test_create_parser с аргументами (),{}, результат ArgumentParser(prog='test_client.py', usage=None, description=None, formatter_class=<class 'argparse.HelpFormatter'>, conflict_handler='error', add_help=True)
2021-05-31 15:07:35,322 INFO Функция create_quick_chat вызвана из функции test_create_quick_chat с аргументами (),{'testing': True}, результат {'action': 'quick_chat', 'time': 1622455655.3220534, 'from': 'Me', 'chat_name': 'Test_chat'}
2021-05-31 15:07:35,331 INFO Функция msg_to_chat вызвана из функции test_msg_to_chat с аргументами (),{'chat_name': 'Chat_1', 'sock': [], 'testing': True}, результат None
2021-05-31 15:07:35,335 INFO Функция msg_user_to_user вызвана из функции test_msg_user_to_user с аргументами (),{'testing': True}, результат {'action': 'msg', 'time': 1622455655.3350217, 'to': 'User_1', 'from_user': 'Me', 'encoding': 'ascii', 'message': 'Hi'}
2021-05-31 15:07:43,435 INFO Функция createParser вызвана из функции test_create_parser с аргументами (),{}, результат ArgumentParser(prog='test_client.py', usage=None, description=None, formatter_class=<class 'argparse.HelpFormatter'>, conflict_handler='error', add_help=True)
2021-05-31 15:07:43,443 INFO Функция create_quick_chat вызвана из функции test_create_quick_chat с аргументами (),{'testing': True}, результат {'action': 'quick_chat', 'time': 1622455663.4438083, 'from': 'Me', 'chat_name': 'Test_chat'}
2021-05-31 15:07:43,451 INFO Функция msg_to_chat вызвана из функции test_msg_to_chat с аргументами (),{'chat_name': 'Chat_1', 'sock': [], 'testing': True}, результат None
2021-05-31 15:07:43,462 INFO Функция msg_user_to_user вызвана из функции test_msg_user_to_user с аргументами (),{'testing': True}, результат {'action': 'msg', 'time': 1622455663.4627798, 'to': 'User_1', 'from_user': 'Me', 'encoding': 'ascii', 'message': 'Hi'}
2021-05-31 15:07:47,775 INFO Функция createParser вызвана из функции test_create_parser с аргументами (),{}, результат ArgumentParser(prog='test_client.py', usage=None, description=None, formatter_class=<class 'argparse.HelpFormatter'>, conflict_handler='error', add_help=True)
2021-05-31 15:07:47,791 INFO Функция create_quick_chat вызвана из функции test_create_quick_chat с аргументами (),{'testing': True}, результат {'action': 'quick_chat', 'time': 1622455667.7913356, 'from': 'Me', 'chat_name': 'Test_chat'}
2021-05-31 15:07:47,799 INFO Функция msg_to_chat вызвана из функции test_msg_to_chat с аргументами (),{'chat_name': 'Chat_1', 'sock': [], 'testing': True}, результат None
2021-05-31 15:07:47,809 INFO Функция msg_user_to_user вызвана из функции test_msg_user_to_user с аргументами (),{'testing': True}, результат {'action': 'msg', 'time': 1622455667.8093371, 'to': 'User_1', 'from_user': 'Me', 'encoding': 'ascii', 'message': 'Hi'}
2021-05-31 15:08:24,254 INFO Функция createParser вызвана из функции test_create_parser с аргументами (),{}, результат ArgumentParser(prog='test_client.py', usage=None, description=None, formatter_class=<class 'argparse.HelpFormatter'>, conflict_handler='error', add_help=True)
2021-05-31 15:08:24,264 INFO Функция create_quick_chat вызвана из функции test_create_quick_chat с аргументами (),{'testing': True}, результат {'action': 'quick_chat', 'time': 1622455704.2643988, 'from': 'Me', 'chat_name': 'Test_chat'}
2021-05-31 15:08:24,271 INFO Функция msg_to_chat вызвана из функции test_msg_to_chat с аргументами (),{'chat_name': 'Chat_1', 'sock': [], 'testing': True}, результат None
2021-05-31 15:08:24,275 INFO Функция msg_user_to_user вызвана из функции test_msg_user_to_user с аргументами (),{'testing': True}, результат {'action': 'msg', 'time': 1622455704.275399, 'to': 'User_1', 'from_user': 'Me', 'encoding': 'ascii', 'message': 'Hi'}
2021-05-31 15:08:36,344 INFO Функция msg_to_chat вызвана из функции test_msg_to_chat с аргументами (),{'chat_name': 'Chat_1', 'sock': [], 'testing': True}, результат None
2021-05-31 15:08:57,057 INFO Функция msg_to_chat вызвана из функции test_msg_to_chat с аргументами (),{'chat_name': 'Chat_1', 'sock': [], 'testing': True}, результат None
2021-05-31 15:13:34,312 INFO Функция msg_to_chat вызвана из функции test_msg_to_chat с аргументами (),{'chat_name': 'Chat_1', 'sock': [], 'testing': True}, результат {'action': 'msg', 'time': 1622456014.3127398, 'to': '#Chat_1', 'from_user': 'Me', 'encoding': 'ascii', 'message': 'Test'}
2021-05-31 15:13:42,671 INFO Функция msg_to_chat вызвана из функции test_msg_to_chat с аргументами (),{'chat_name': 'Chat_1', 'sock': [], 'testing': True}, результат {'action': 'msg', 'time': 1622456022.6712942, 'to': '#Chat_1', 'from_user': 'Me', 'encoding': 'ascii', 'message': 'Test'}
2021-05-31 15:14:32,538 INFO Функция createParser вызвана из функции test_create_parser с аргументами (),{}, результат ArgumentParser(prog='test_client.py', usage=None, description=None, formatter_class=<class 'argparse.HelpFormatter'>, conflict_handler='error', add_help=True)
2021-05-31 15:14:32,542 INFO Функция create_quick_chat вызвана из функции test_create_quick_chat с аргументами (),{'testing': True}, результат {'action': 'quick_chat', 'time': 1622456072.5429437, 'from': 'Me', 'chat_name': 'Test_chat'}
2021-05-31 15:14:32,549 INFO Функция msg_to_chat вызвана из функции test_msg_to_chat с аргументами (),{'chat_name': 'Chat_1', 'sock': [], 'testing': True}, результат {'action': 'msg', 'time': 1622456072.5499768, 'to': '#Chat_1', 'from_user': 'Me', 'encoding': 'ascii', 'message': 'Test'}
2021-05-31 15:14:32,554 INFO Функция msg_user_to_user вызвана из функции test_msg_user_to_user с аргументами (),{'testing': True}, результат {'action': 'msg', 'time': 1622456072.5540063, 'to': 'User_1', 'from_user': 'Me', 'encoding': 'ascii', 'message': 'Hi'}
2021-05-31 15:14:35,734 INFO Функция createParser вызвана из функции test_create_parser с аргументами (),{}, результат ArgumentParser(prog='test_client.py', usage=None, description=None, formatter_class=<class 'argparse.HelpFormatter'>, conflict_handler='error', add_help=True)
2021-05-31 15:14:35,744 INFO Функция create_quick_chat вызвана из функции test_create_quick_chat с аргументами (),{'testing': True}, результат {'action': 'quick_chat', 'time': 1622456075.7449756, 'from': 'Me', 'chat_name': 'Test_chat'}
2021-05-31 15:14:35,753 INFO Функция msg_to_chat вызвана из функции test_msg_to_chat с аргументами (),{'chat_name': 'Chat_1', 'sock': [], 'testing': True}, результат {'action': 'msg', 'time': 1622456075.7530322, 'to': '#Chat_1', 'from_user': 'Me', 'encoding': 'ascii', 'message': 'Test'}
2021-05-31 15:14:35,762 INFO Функция msg_user_to_user вызвана из функции test_msg_user_to_user с аргументами (),{'testing': True}, результат {'action': 'msg', 'time': 1622456075.7620344, 'to': 'User_1', 'from_user': 'Me', 'encoding': 'ascii', 'message': 'Hi'}
2021-05-31 15:14:39,488 INFO Функция createParser вызвана из функции test_create_parser с аргументами (),{}, результат ArgumentParser(prog='test_client.py', usage=None, description=None, formatter_class=<class 'argparse.HelpFormatter'>, conflict_handler='error', add_help=True)
2021-05-31 15:14:39,500 INFO Функция create_quick_chat вызвана из функции test_create_quick_chat с аргументами (),{'testing': True}, результат {'action': 'quick_chat', 'time': 1622456079.5003335, 'from': 'Me', 'chat_name': 'Test_chat'}
2021-05-31 15:14:39,508 INFO Функция msg_to_chat вызвана из функции test_msg_to_chat с аргументами (),{'chat_name': 'Chat_1', 'sock': [], 'testing': True}, результат {'action': 'msg', 'time': 1622456079.5083306, 'to': '#Chat_1', 'from_user': 'Me', 'encoding': 'ascii', 'message': 'Test'}
2021-05-31 15:14:39,519 INFO Функция msg_user_to_user вызвана из функции test_msg_user_to_user с аргументами (),{'testing': True}, результат {'action': 'msg', 'time': 1622456079.5193, 'to': 'User_1', 'from_user': 'Me', 'encoding': 'ascii', 'message': 'Hi'}
2021-05-31 15:21:07,757 INFO Функция createParser вызвана из функции test_create_parser с аргументами (),{}, результат ArgumentParser(prog='test_client.py', usage=None, description=None, formatter_class=<class 'argparse.HelpFormatter'>, conflict_handler='error', add_help=True)
2021-05-31 15:21:07,766 INFO Функция create_quick_chat вызвана из функции test_create_quick_chat с аргументами (),{'testing': True}, результат {'action': 'quick_chat', 'time': 1622456467.7668796, 'from': 'Me', 'chat_name': 'Test_chat'}
2021-05-31 15:21:07,773 INFO Функция msg_to_chat вызвана из функции test_msg_to_chat с аргументами (),{'chat_name': 'Chat_1', 'sock': [], 'testing': True}, результат {'action': 'msg', 'time': 1622456467.7738235, 'to': '#Chat_1', 'from_user': 'Me', 'encoding': 'ascii', 'message': 'Test'}
2021-05-31 15:21:07,778 INFO Функция msg_user_to_user вызвана из функции test_msg_user_to_user с аргументами (),{'testing': True}, результат {'action': 'msg', 'time': 1622456467.7788243, 'to': 'User_1', 'from_user': 'Me', 'encoding': 'ascii', 'message': 'Hi'}
2021-05-31 15:22:12,380 INFO Функция createParser вызвана из функции main с аргументами (),{}, результат ArgumentParser(prog='client.py', usage=None, description=None, formatter_class=<class 'argparse.HelpFormatter'>, conflict_handler='error', add_help=True)
2021-05-31 15:22:16,117 INFO Функция main вызвана с аргументами (),{}, результат None
2021-05-31 15:24:00,491 INFO Функция createParser вызвана из функции main с аргументами (),{}, результат ArgumentParser(prog='client.py', usage=None, description=None, formatter_class=<class 'argparse.HelpFormatter'>, conflict_handler='error', add_help=True)
2021-05-31 15:24:19,450 INFO Функция createParser вызвана из функции main с аргументами (),{}, результат ArgumentParser(prog='client.py', usage=None, description=None, formatter_class=<class 'argparse.HelpFormatter'>, conflict_handler='error', add_help=True)
2021-05-31 15:24:23,643 INFO Функция main вызвана с аргументами (),{}, результат None
2021-05-31 15:26:51,543 INFO Функция createParser вызвана из функции main с аргументами (),{}, результат ArgumentParser(prog='client.py', usage=None, description=None, formatter_class=<class 'argparse.HelpFormatter'>, conflict_handler='error', add_help=True)
2021-05-31 15:26:57,930 INFO Функция main вызвана с аргументами (),{}, результат None
2021-05-31 15:27:05,269 INFO Функция msg_user_to_user вызвана из функции user_action с аргументами (),{}, результат {'action': 'msg', 'time': 1622456825.269371, 'to': 'bgt', 'from_user': 'vova', 'encoding': 'ascii', 'message': 'hi'}
2021-05-31 15:27:26,422 INFO Функция msg_user_to_user вызвана из функции user_action с аргументами (),{}, результат {'action': 'msg', 'time': 1622456846.422081, 'to': 'vova', 'from_user': 'vova', 'encoding': 'ascii', 'message': 'hi'}
2021-05-31 15:27:47,305 INFO Функция createParser вызвана из функции main с аргументами (),{}, результат ArgumentParser(prog='client.py', usage=None, description=None, formatter_class=<class 'argparse.HelpFormatter'>, conflict_handler='error', add_help=True)
2021-05-31 15:27:50,429 INFO Функция main вызвана с аргументами (),{}, результат None
2021-05-31 15:30:13,994 INFO Функция createParser вызвана из функции main с аргументами (),{}, результат ArgumentParser(prog='client.py', usage=None, description=None, formatter_class=<class 'argparse.HelpFormatter'>, conflict_handler='error', add_help=True)
2021-05-31 15:30:19,931 INFO Функция main вызвана с аргументами (),{}, результат None
2021-05-31 15:54:01,711 INFO Функция createParser вызвана из функции test_create_parser с аргументами (),{}, результат ArgumentParser(prog='test_client.py', usage=None, description=None, formatter_class=<class 'argparse.HelpFormatter'>, conflict_handler='error', add_help=True)
2021-05-31 15:54:01,723 INFO Функция create_quick_chat вызвана из функции test_create_quick_chat с аргументами (),{'testing': True}, результат {'action': 'quick_chat', 'time': 1622458441.7233188, 'from': 'Me', 'chat_name': 'Test_chat'}
2021-05-31 15:54:01,737 INFO Функция msg_to_chat вызвана из функции test_msg_to_chat с аргументами (),{'chat_name': 'Chat_1', 'sock': [], 'testing': True}, результат {'action': 'msg', 'time': 1622458441.7373197, 'to': '#Chat_1', 'from_user': 'Me', 'encoding': 'ascii', 'message': 'Test'}
2021-05-31 15:54:01,753 INFO Функция msg_user_to_user вызвана из функции test_msg_user_to_user с аргументами (),{'testing': True}, результат {'action': 'msg', 'time': 1622458441.7533488, 'to': 'User_1', 'from_user': 'Me', 'encoding': 'ascii', 'message': 'Hi'}
2021-05-31 15:54:10,366 INFO Функция createParser вызвана из функции test_create_parser с аргументами (),{}, результат ArgumentParser(prog='test_client.py', usage=None, description=None, formatter_class=<class 'argparse.HelpFormatter'>, conflict_handler='error', add_help=True)
2021-05-31 15:54:10,378 INFO Функция create_quick_chat вызвана из функции test_create_quick_chat с аргументами (),{'testing': True}, результат {'action': 'quick_chat', 'time': 1622458450.3780437, 'from': 'Me', 'chat_name': 'Test_chat'}
2021-05-31 15:54:10,389 INFO Функция msg_to_chat вызвана из функции test_msg_to_chat с аргументами (),{'chat_name': 'Chat_1', 'sock': [], 'testing': True}, результат {'action': 'msg', 'time': 1622458450.3890452, 'to': '#Chat_1', 'from_user': 'Me', 'encoding': 'ascii', 'message': 'Test'}
2021-05-31 15:54:10,399 INFO Функция msg_user_to_user вызвана из функции test_msg_user_to_user с аргументами (),{'testing': True}, результат {'action': 'msg', 'time': 1622458450.399169, 'to': 'User_1', 'from_user': 'Me', 'encoding': 'ascii', 'message': 'Hi'}
2021-05-31 15:54:23,893 INFO Функция createParser вызвана из функции test_create_parser с аргументами (),{}, результат ArgumentParser(prog='test_client.py', usage=None, description=None, formatter_class=<class 'argparse.HelpFormatter'>, conflict_handler='error', add_help=True)
2021-05-31 15:54:23,901 INFO Функция create_quick_chat вызвана из функции test_create_quick_chat с аргументами (),{'testing': True}, результат {'action': 'quick_chat', 'time': 1622458463.9018576, 'from': 'Me', 'chat_name': 'Test_chat'}
2021-05-31 15:54:23,914 INFO Функция msg_to_chat вызвана из функции test_msg_to_chat с аргументами (),{'chat_name': 'Chat_1', 'sock': [], 'testing': True}, результат {'action': 'msg', 'time': 1622458463.9148586, 'to': '#Chat_1', 'from_user': 'Me', 'encoding': 'ascii', 'message': 'Test'}
2021-05-31 15:54:23,926 INFO Функция msg_user_to_user вызвана из функции test_msg_user_to_user с аргументами (),{'testing': True}, результат {'action': 'msg', 'time': 1622458463.9268599, 'to': 'User_1', 'from_user': 'Me', 'encoding': 'ascii', 'message': 'Hi'}
2021-05-31 15:54:32,852 INFO Функция createParser вызвана из функции test_create_parser с аргументами (),{}, результат ArgumentParser(prog='test_client.py', usage=None, description=None, formatter_class=<class 'argparse.HelpFormatter'>, conflict_handler='error', add_help=True)
2021-05-31 15:54:32,858 INFO Функция create_quick_chat вызвана из функции test_create_quick_chat с аргументами (),{'testing': True}, результат {'action': 'quick_chat', 'time': 1622458472.8586822, 'from': 'Me', 'chat_name': 'Test_chat'}
2021-05-31 15:54:32,864 INFO Функция msg_to_chat вызвана из функции test_msg_to_chat с аргументами (),{'chat_name': 'Chat_1', 'sock': [], 'testing': True}, результат {'action': 'msg', 'time': 1622458472.8646812, 'to': '#Chat_1', 'from_user': 'Me', 'encoding': 'ascii', 'message': 'Test'}
2021-05-31 15:54:32,870 INFO Функция msg_user_to_user вызвана из функции test_msg_user_to_user с аргументами (),{'testing': True}, результат {'action': 'msg', 'time': 1622458472.8706818, 'to': 'User_1', 'from_user': 'Me', 'encoding': 'ascii', 'message': 'Hi'}
2021-05-31 15:55:03,290 INFO Функция createParser вызвана из функции main с аргументами (),{}, результат ArgumentParser(prog='client.py', usage=None, description=None, formatter_class=<class 'argparse.HelpFormatter'>, conflict_handler='error', add_help=True)
2021-05-31 15:55:07,645 INFO Функция main вызвана с аргументами (),{}, результат None
2021-05-31 15:55:12,815 INFO Функция msg_user_to_user вызвана из функции user_action с аргументами (),{}, результат {'action': 'msg', 'time': 1622458512.815114, 'to': 'gt', 'from_user': 'vova', 'encoding': 'ascii', 'message': 'hy'}
2021-05-31 15:55:20,031 INFO Функция msg_user_to_user вызвана из функции user_action с аргументами (),{}, результат {'action': 'msg', 'time': 1622458520.0301147, 'to': 'vova', 'from_user': 'vova', 'encoding': 'ascii', 'message': 'hi'}
2021-05-31 15:55:25,622 INFO Функция create_quick_chat вызвана из функции user_action с аргументами (),{}, результат {'action': 'quick_chat', 'time': 1622458525.622118, 'from': 'vova', 'chat_name': 'new'}
2021-05-31 15:55:44,658 INFO Функция createParser вызвана из функции main с аргументами (),{}, результат ArgumentParser(prog='client.py', usage=None, description=None, formatter_class=<class 'argparse.HelpFormatter'>, conflict_handler='error', add_help=True)
2021-05-31 15:55:53,483 INFO Функция main вызвана с аргументами (),{}, результат None
2021-05-31 15:55:59,811 INFO Функция msg_user_to_user вызвана из функции user_action с аргументами (),{}, результат {'action': 'msg', 'time': 1622458559.811012, 'to': 'vova', 'from_user': 'qwe', 'encoding': 'ascii', 'message': 'gt'}
2021-05-31 15:56:05,041 INFO Функция create_quick_chat вызвана из функции user_action с аргументами (),{}, результат {'action': 'quick_chat', 'time': 1622458565.0410602, 'from': 'qwe', 'chat_name': 'new'}
2021-05-31 15:56:12,587 INFO Функция msg_to_chat вызвана из функции user_action с аргументами ('new', <socket.socket fd=416, family=AddressFamily.AF_INET, type=SocketKind.SOCK_STREAM, proto=0, laddr=('127.0.0.1', 58351), raddr=('127.0.0.1', 7777)>),{}, результат None
2021-06-01 12:06:12,048 INFO Функция createParser вызвана из функции main с аргументами (),{}, результат ArgumentParser(prog='client.py', usage=None, description=None, formatter_class=<class 'argparse.HelpFormatter'>, conflict_handler='error', add_help=True)
2021-06-01 12:10:12,859 INFO Функция createParser вызвана из функции main с аргументами (),{}, результат ArgumentParser(prog='client.py', usage=None, description=None, formatter_class=<class 'argparse.HelpFormatter'>, conflict_handler='error', add_help=True)
2021-06-01 12:14:36,494 INFO Функция createParser вызвана из функции main с аргументами (),{}, результат ArgumentParser(prog='client.py', usage=None, description=None, formatter_class=<class 'argparse.HelpFormatter'>, conflict_handler='error', add_help=True)
2021-06-01 12:14:50,637 INFO Функция createParser вызвана из функции main с аргументами (),{}, результат ArgumentParser(prog='client.py', usage=None, description=None, formatter_class=<class 'argparse.HelpFormatter'>, conflict_handler='error', add_help=True)
2021-06-01 12:15:17,497 INFO Функция createParser вызвана из функции main с аргументами (),{}, результат ArgumentParser(prog='client.py', usage=None, description=None, formatter_class=<class 'argparse.HelpFormatter'>, conflict_handler='error', add_help=True)
2021-06-01 12:15:20,294 INFO Функция main вызвана с аргументами (),{}, результат None
2021-06-01 12:15:26,238 INFO Функция msg_user_to_user вызвана из функции user_action с аргументами (),{}, результат {'action': 'msg', 'time': 1622531726.2384572, 'to': 'bg', 'from_user': 'vova', 'encoding': 'ascii', 'message': 'g'}
2021-06-01 12:15:33,332 INFO Функция msg_user_to_user вызвана из функции user_action с аргументами (),{}, результат {'action': 'msg', 'time': 1622531733.332006, 'to': 'vova', 'from_user': 'vova', 'encoding': 'ascii', 'message': 'hi'}
2021-06-01 12:22:00,157 INFO Функция createParser вызвана из функции main с аргументами (),{}, результат ArgumentParser(prog='client.py', usage=None, description=None, formatter_class=<class 'argparse.HelpFormatter'>, conflict_handler='error', add_help=True)
2021-06-01 13:56:54,205 INFO Функция createParser вызвана из функции main с аргументами (),{}, результат ArgumentParser(prog='client.py', usage=None, description=None, formatter_class=<class 'argparse.HelpFormatter'>, conflict_handler='error', add_help=True)
2021-07-08 19:10:54,755 INFO Функция createParser вызвана из функции main с аргументами (),{}, результат ArgumentParser(prog='client.py', usage=None, description=None, formatter_class=<class 'argparse.HelpFormatter'>, conflict_handler='error', add_help=True)
2021-07-08 19:11:32,695 INFO Функция createParser вызвана из функции main с аргументами (),{}, результат ArgumentParser(prog='client.py', usage=None, description=None, formatter_class=<class 'argparse.HelpFormatter'>, conflict_handler='error', add_help=True)
2021-07-08 19:23:16,001 INFO Функция createParser вызвана из функции main с аргументами (),{}, результат ArgumentParser(prog='client_1.py', usage=None, description=None, formatter_class=<class 'argparse.HelpFormatter'>, conflict_handler='error', add_help=True)
2021-07-08 19:23:29,172 INFO Функция createParser вызвана из функции main с аргументами (),{}, результат ArgumentParser(prog='client_1.py', usage=None, description=None, formatter_class=<class 'argparse.HelpFormatter'>, conflict_handler='error', add_help=True)
2021-07-08 19:23:31,714 INFO Функция main вызвана с аргументами (),{}, результат None
2021-07-10 11:54:48,927 INFO Функция createParser вызвана из функции main с аргументами (),{}, результат ArgumentParser(prog='client_1.py', usage=None, description=None, formatter_class=<class 'argparse.HelpFormatter'>, conflict_handler='error', add_help=True)
2021-07-10 12:30:50,585 INFO Функция createParser вызвана из функции main с аргументами (),{}, результат ArgumentParser(prog='client.py', usage=None, description=None, formatter_class=<class 'argparse.HelpFormatter'>, conflict_handler='error', add_help=True)
2021-07-10 12:31:41,346 INFO Функция createParser вызвана из функции main с аргументами (),{}, результат ArgumentParser(prog='client_1.py', usage=None, description=None, formatter_class=<class 'argparse.HelpFormatter'>, conflict_handler='error', add_help=True)
2021-07-10 12:31:44,625 INFO Функция main вызвана с аргументами (),{}, результат None
2021-07-10 12:31:51,494 INFO Функция msg_user_to_user вызвана из функции user_action с аргументами (),{}, результат {'action': 'msg', 'time': 1625902311.4948626, 'to': 'grg', 'from_user': 'bir', 'encoding': 'ascii', 'message': 'gg'}
2021-07-10 12:32:04,199 INFO Функция msg_user_to_user вызвана из функции user_action с аргументами (),{}, результат {'action': 'msg', 'time': 1625902324.1995597, 'to': 'bir', 'from_user': 'bir', 'encoding': 'ascii', 'message': 'hi'}
2021-07-10 16:40:10,993 INFO Функция createParser вызвана из функции main с аргументами (),{}, результат ArgumentParser(prog='client_1.py', usage=None, description=None, formatter_class=<class 'argparse.HelpFormatter'>, conflict_handler='error', add_help=True)
2021-07-10 16:40:14,604 INFO Функция main вызвана с аргументами (),{}, результат None
2021-07-10 16:40:19,903 INFO Функция msg_user_to_user вызвана из функции user_action с аргументами (),{}, результат {'action': 'msg', 'time': 1625917219.9030423, 'to': 'qwe', 'from_user': 'qwe', 'encoding': 'ascii', 'message': 'df'}
